<?xml version="1.0" encoding="UTF-8"?>
<!-- Generated by org.testng.reporters.JUnitReportReporter -->
<testsuite skipped="0" hostname="salli-ltm2.internal.salesforce.com" name="CalculatorTest" tests="1" failures="0" timestamp="14 Apr 2018 06:19:16 GMT" time="0.013" errors="0">
  <testcase name="testAdd" time="0.013" classname="CalculatorTest"/>
</testsuite> <!-- CalculatorTest -->
